c:\users\austin\source\repos\valve-central-hole-calculator-final\valvecentralhole\x64\debug\valveareahistorywidget.obj
c:\users\austin\source\repos\valve-central-hole-calculator-final\valvecentralhole\x64\debug\selectimagecropdialog.obj
c:\users\austin\source\repos\valve-central-hole-calculator-final\valvecentralhole\x64\debug\calibratehistorywidget.obj
c:\users\austin\source\repos\valve-central-hole-calculator-final\valvecentralhole\x64\debug\calibratedata.obj
c:\users\austin\source\repos\valve-central-hole-calculator-final\valvecentralhole\x64\debug\cameradisplaydialog.obj
c:\users\austin\source\repos\valve-central-hole-calculator-final\valvecentralhole\x64\debug\binarydetailslabel.obj
c:\users\austin\source\repos\valve-central-hole-calculator-final\valvecentralhole\x64\debug\measurewidget.obj
c:\users\austin\source\repos\valve-central-hole-calculator-final\valvecentralhole\x64\debug\binarygaugelabel.obj
c:\users\austin\source\repos\valve-central-hole-calculator-final\valvecentralhole\x64\debug\cameraselectiondialog.obj
c:\users\austin\source\repos\valve-central-hole-calculator-final\valvecentralhole\x64\debug\binarizeimagehelper.obj
c:\users\austin\source\repos\valve-central-hole-calculator-final\valvecentralhole\x64\debug\database.obj
c:\users\austin\source\repos\valve-central-hole-calculator-final\valvecentralhole\x64\debug\threadpool.obj
c:\users\austin\source\repos\valve-central-hole-calculator-final\valvecentralhole\x64\debug\filewriter.obj
c:\users\austin\source\repos\valve-central-hole-calculator-final\valvecentralhole\x64\debug\cameraconfirmlabel.obj
c:\users\austin\source\repos\valve-central-hole-calculator-final\valvecentralhole\x64\debug\main.obj
c:\users\austin\source\repos\valve-central-hole-calculator-final\valvecentralhole\x64\debug\valvedata.obj
c:\users\austin\source\repos\valve-central-hole-calculator-final\valvecentralhole\x64\debug\calibrationgaugelabel.obj
c:\users\austin\source\repos\valve-central-hole-calculator-final\valvecentralhole\x64\debug\messageboxhelper.obj
c:\users\austin\source\repos\valve-central-hole-calculator-final\valvecentralhole\x64\debug\calibratewidget.obj
c:\users\austin\source\repos\valve-central-hole-calculator-final\valvecentralhole\x64\debug\calculationhistorydialog.obj
c:\users\austin\source\repos\valve-central-hole-calculator-final\valvecentralhole\x64\debug\valvecentralhole.obj
c:\users\austin\source\repos\valve-central-hole-calculator-final\valvecentralhole\x64\debug\measuredata.obj
c:\users\austin\source\repos\valve-central-hole-calculator-final\valvecentralhole\x64\debug\calibrationgaugeparameters.obj
c:\users\austin\source\repos\valve-central-hole-calculator-final\valvecentralhole\x64\debug\imagecropdialog.obj
c:\users\austin\source\repos\valve-central-hole-calculator-final\valvecentralhole\x64\debug\calibrationgaugediameterdao.obj
c:\users\austin\source\repos\valve-central-hole-calculator-final\valvecentralhole\x64\debug\cameraconfirmationdialog.obj
c:\users\austin\source\repos\valve-central-hole-calculator-final\valvecentralhole\x64\debug\vc143.pdb
c:\users\austin\source\repos\valve-central-hole-calculator-final\valvecentralhole\x64\debug\moc_calibrationgaugelabel.obj
c:\users\austin\source\repos\valve-central-hole-calculator-final\valvecentralhole\x64\debug\moc_selectimagecropdialog.obj
c:\users\austin\source\repos\valve-central-hole-calculator-final\valvecentralhole\x64\debug\moc_imagecropdialog.obj
c:\users\austin\source\repos\valve-central-hole-calculator-final\valvecentralhole\x64\debug\qrc_valvecentralhole.obj
c:\users\austin\source\repos\valve-central-hole-calculator-final\valvecentralhole\x64\debug\moc_valveareahistorywidget.obj
c:\users\austin\source\repos\valve-central-hole-calculator-final\valvecentralhole\x64\debug\moc_valvecentralhole.obj
c:\users\austin\source\repos\valve-central-hole-calculator-final\valvecentralhole\x64\debug\moc_calibratehistorywidget.obj
c:\users\austin\source\repos\valve-central-hole-calculator-final\valvecentralhole\x64\debug\moc_calibratewidget.obj
c:\users\austin\source\repos\valve-central-hole-calculator-final\valvecentralhole\x64\debug\moc_measurewidget.obj
c:\users\austin\source\repos\valve-central-hole-calculator-final\valvecentralhole\x64\debug\moc_cameradisplaydialog.obj
c:\users\austin luu\source\repos\valve-central-hole-calculator-final\valvecentralhole\x64\debug\calibratewidget.obj
c:\users\austin luu\source\repos\valve-central-hole-calculator-final\valvecentralhole\x64\debug\measuredata.obj
c:\users\austin luu\source\repos\valve-central-hole-calculator-final\valvecentralhole\x64\debug\calibrationgaugeparameters.obj
c:\users\austin luu\source\repos\valve-central-hole-calculator-final\valvecentralhole\x64\debug\imagecropdialog.obj
c:\users\austin luu\source\repos\valve-central-hole-calculator-final\valvecentralhole\x64\debug\binarydetailslabel.obj
c:\users\austin luu\source\repos\valve-central-hole-calculator-final\valvecentralhole\x64\debug\cameradisplaydialog.obj
c:\users\austin luu\source\repos\valve-central-hole-calculator-final\valvecentralhole\x64\debug\calibratehistorywidget.obj
c:\users\austin luu\source\repos\valve-central-hole-calculator-final\valvecentralhole\x64\debug\threadpool.obj
c:\users\austin luu\source\repos\valve-central-hole-calculator-final\valvecentralhole\x64\debug\binarizeimagehelper.obj
c:\users\austin luu\source\repos\valve-central-hole-calculator-final\valvecentralhole\x64\debug\database.obj
c:\users\austin luu\source\repos\valve-central-hole-calculator-final\valvecentralhole\x64\debug\main.obj
c:\users\austin luu\source\repos\valve-central-hole-calculator-final\valvecentralhole\x64\debug\calculationhistorydialog.obj
c:\users\austin luu\source\repos\valve-central-hole-calculator-final\valvecentralhole\x64\debug\measurewidget.obj
c:\users\austin luu\source\repos\valve-central-hole-calculator-final\valvecentralhole\x64\debug\valveareahistorywidget.obj
c:\users\austin luu\source\repos\valve-central-hole-calculator-final\valvecentralhole\x64\debug\selectimagecropdialog.obj
c:\users\austin luu\source\repos\valve-central-hole-calculator-final\valvecentralhole\x64\debug\binarygaugelabel.obj
c:\users\austin luu\source\repos\valve-central-hole-calculator-final\valvecentralhole\x64\debug\cameraconfirmlabel.obj
c:\users\austin luu\source\repos\valve-central-hole-calculator-final\valvecentralhole\x64\debug\calibratedata.obj
c:\users\austin luu\source\repos\valve-central-hole-calculator-final\valvecentralhole\x64\debug\calibrationgaugelabel.obj
c:\users\austin luu\source\repos\valve-central-hole-calculator-final\valvecentralhole\x64\debug\valvecentralhole.obj
c:\users\austin luu\source\repos\valve-central-hole-calculator-final\valvecentralhole\x64\debug\filewriter.obj
c:\users\austin luu\source\repos\valve-central-hole-calculator-final\valvecentralhole\x64\debug\cameraconfirmationdialog.obj
c:\users\austin luu\source\repos\valve-central-hole-calculator-final\valvecentralhole\x64\debug\thresholdvaluespinbox.obj
c:\users\austin luu\source\repos\valve-central-hole-calculator-final\valvecentralhole\x64\debug\cameraselectiondialog.obj
c:\users\austin luu\source\repos\valve-central-hole-calculator-final\valvecentralhole\x64\debug\valvedata.obj
c:\users\austin luu\source\repos\valve-central-hole-calculator-final\valvecentralhole\x64\debug\calibrationgaugediameterdao.obj
c:\users\austin luu\source\repos\valve-central-hole-calculator-final\valvecentralhole\x64\debug\messageboxhelper.obj
c:\users\austin luu\source\repos\valve-central-hole-calculator-final\valvecentralhole\x64\debug\vc143.pdb
c:\users\austin luu\source\repos\valve-central-hole-calculator-final\valvecentralhole\x64\debug\qrc_valvecentralhole.obj
c:\users\austin luu\source\repos\valve-central-hole-calculator-final\valvecentralhole\x64\debug\moc_valveareahistorywidget.obj
c:\users\austin luu\source\repos\valve-central-hole-calculator-final\valvecentralhole\x64\debug\moc_selectimagecropdialog.obj
c:\users\austin luu\source\repos\valve-central-hole-calculator-final\valvecentralhole\x64\debug\moc_imagecropdialog.obj
c:\users\austin luu\source\repos\valve-central-hole-calculator-final\valvecentralhole\x64\debug\moc_measurewidget.obj
c:\users\austin luu\source\repos\valve-central-hole-calculator-final\valvecentralhole\x64\debug\moc_calibrationgaugelabel.obj
c:\users\austin luu\source\repos\valve-central-hole-calculator-final\valvecentralhole\x64\debug\moc_calibratehistorywidget.obj
c:\users\austin luu\source\repos\valve-central-hole-calculator-final\valvecentralhole\x64\debug\moc_thresholdvaluespinbox.obj
c:\users\austin luu\source\repos\valve-central-hole-calculator-final\valvecentralhole\x64\debug\moc_valvecentralhole.obj
c:\users\austin luu\source\repos\valve-central-hole-calculator-final\valvecentralhole\x64\debug\moc_cameradisplaydialog.obj
c:\users\austin luu\source\repos\valve-central-hole-calculator-final\valvecentralhole\x64\debug\moc_calibratewidget.obj
c:\users\austin\source\repos\valve-central-hole-calculator-final\x64\debug\valvecentralhole.exe
c:\users\austin\source\repos\valve-central-hole-calculator-final\x64\debug\valvecentralhole.pdb
c:\users\austin luu\source\repos\valve-central-hole-calculator-final\valvecentralhole\x64\debug\moc\moc_calibratewidget.cpp
c:\users\austin luu\source\repos\valve-central-hole-calculator-final\valvecentralhole\x64\debug\moc\moc_calibratehistorywidget.cpp
c:\users\austin luu\source\repos\valve-central-hole-calculator-final\valvecentralhole\x64\debug\moc\moc_valveareahistorywidget.cpp
c:\users\austin luu\source\repos\valve-central-hole-calculator-final\valvecentralhole\x64\debug\moc\moc_thresholdvaluespinbox.cpp
c:\users\austin luu\source\repos\valve-central-hole-calculator-final\valvecentralhole\x64\debug\rcc\qrc_valvecentralhole.cpp
c:\users\austin luu\source\repos\valve-central-hole-calculator-final\valvecentralhole\x64\debug\uic\ui_calculationhistorydialog.h
c:\users\austin luu\source\repos\valve-central-hole-calculator-final\valvecentralhole\x64\debug\uic\ui_calibratehistorywidget.h
c:\users\austin luu\source\repos\valve-central-hole-calculator-final\valvecentralhole\x64\debug\uic\ui_cameraselectiondialog.h
c:\users\austin luu\source\repos\valve-central-hole-calculator-final\valvecentralhole\x64\debug\uic\ui_valveareahistorywidget.h
c:\users\austin luu\source\repos\valvecentralhole\valvecentralhole\x64\debug\uic\ui_calibratewidget.h
c:\users\austin luu\source\repos\valvecentralhole\valvecentralhole\x64\debug\uic\ui_measurewidget.h
c:\users\austin luu\source\repos\valvecentralhole\valvecentralhole\x64\debug\uic\ui_valvecentralhole.h
c:\users\austin luu\source\repos\valvecentralhole\valvecentralhole\x64\debug\rcc\qrc_valvecentralhole.cpp
c:\users\austin luu\source\repos\valvecentralhole\valvecentralhole\x64\debug\moc\moc_valvecentralhole.cpp
c:\users\austin luu\source\repos\valvecentralhole\valvecentralhole\x64\debug\moc\moc_calibratewidget.cpp
c:\users\austin luu\source\repos\valvecentralhole\valvecentralhole\x64\debug\moc\moc_measurewidget.cpp
c:\users\austin luu\source\repos\valvecentralhole\valvecentralhole\x64\debug\uic\ui_widget.h
c:\users\austin luu\source\repos\valvecentralhole\valvecentralhole\x64\debug\uic\ui_cameradisplaydialog.h
c:\users\austin luu\source\repos\valvecentralhole\valvecentralhole\x64\debug\moc\moc_cameradisplaydialog.cpp
c:\users\austin luu\source\repos\valvecentralhole\valvecentralhole\x64\debug\uic\ui_cameraconfirmation.h
c:\users\austin luu\source\repos\valvecentralhole\valvecentralhole\x64\debug\uic\ui_imagecropdialog.h
c:\users\austin luu\source\repos\valvecentralhole\valvecentralhole\x64\debug\moc\moc_imagecropdialog.cpp
c:\users\austin luu\source\repos\valvecentralhole\valvecentralhole\x64\debug\moc\moc_calibrationgaugelabel.cpp
c:\users\austin luu\source\repos\valvecentralhole\valvecentralhole\x64\debug\uic\ui_selectimagecrop.h
c:\users\austin luu\source\repos\valvecentralhole\valvecentralhole\x64\debug\uic\ui_selectimagecropdialog.h
c:\users\austin luu\source\repos\valvecentralhole\valvecentralhole\x64\debug\moc\moc_selectimagecropdialog.cpp
c:\users\austin\source\repos\qt-visual-studio-valve-central-hole-imager\valvecentralhole\x64\debug\uic\ui_calibratewidget.h
c:\users\austin\source\repos\qt-visual-studio-valve-central-hole-imager\valvecentralhole\x64\debug\uic\ui_selectimagecropdialog.h
c:\users\austin\source\repos\qt-visual-studio-valve-central-hole-imager\valvecentralhole\x64\debug\moc\moc_calibratewidget.cpp
c:\users\austin\source\repos\qt-visual-studio-valve-central-hole-imager\valvecentralhole\x64\debug\moc\moc_selectimagecropdialog.cpp
c:\users\austin\source\repos\qt-visual-studio-valve-central-hole-imager\valvecentralhole\x64\debug\uic\ui_cameraconfirmation.h
c:\users\austin\source\repos\qt-visual-studio-valve-central-hole-imager\valvecentralhole\x64\debug\uic\ui_cameradisplaydialog.h
c:\users\austin\source\repos\qt-visual-studio-valve-central-hole-imager\valvecentralhole\x64\debug\uic\ui_imagecropdialog.h
c:\users\austin\source\repos\qt-visual-studio-valve-central-hole-imager\valvecentralhole\x64\debug\uic\ui_measurewidget.h
c:\users\austin\source\repos\qt-visual-studio-valve-central-hole-imager\valvecentralhole\x64\debug\uic\ui_valvecentralhole.h
c:\users\austin\source\repos\qt-visual-studio-valve-central-hole-imager\valvecentralhole\x64\debug\rcc\qrc_valvecentralhole.cpp
c:\users\austin\source\repos\qt-visual-studio-valve-central-hole-imager\valvecentralhole\x64\debug\moc\moc_valvecentralhole.cpp
c:\users\austin\source\repos\qt-visual-studio-valve-central-hole-imager\valvecentralhole\x64\debug\moc\moc_calibrationgaugelabel.cpp
c:\users\austin\source\repos\qt-visual-studio-valve-central-hole-imager\valvecentralhole\x64\debug\moc\moc_cameradisplaydialog.cpp
c:\users\austin\source\repos\qt-visual-studio-valve-central-hole-imager\valvecentralhole\x64\debug\moc\moc_imagecropdialog.cpp
c:\users\austin\source\repos\qt-visual-studio-valve-central-hole-imager\valvecentralhole\x64\debug\moc\moc_measurewidget.cpp
c:\visual studio backup\valvecentralhole\valvecentralhole\x64\debug\uic\ui_calibratewidget.h
c:\visual studio backup\valvecentralhole\valvecentralhole\x64\debug\uic\ui_cameraconfirmation.h
c:\visual studio backup\valvecentralhole\valvecentralhole\x64\debug\uic\ui_cameradisplaydialog.h
c:\visual studio backup\valvecentralhole\valvecentralhole\x64\debug\uic\ui_imagecropdialog.h
c:\visual studio backup\valvecentralhole\valvecentralhole\x64\debug\uic\ui_measurewidget.h
c:\visual studio backup\valvecentralhole\valvecentralhole\x64\debug\uic\ui_selectimagecropdialog.h
c:\visual studio backup\valvecentralhole\valvecentralhole\x64\debug\uic\ui_valvecentralhole.h
c:\visual studio backup\valvecentralhole\valvecentralhole\x64\debug\rcc\qrc_valvecentralhole.cpp
c:\visual studio backup\valvecentralhole\valvecentralhole\x64\debug\moc\moc_valvecentralhole.cpp
c:\visual studio backup\valvecentralhole\valvecentralhole\x64\debug\moc\moc_calibratewidget.cpp
c:\visual studio backup\valvecentralhole\valvecentralhole\x64\debug\moc\moc_calibrationgaugelabel.cpp
c:\visual studio backup\valvecentralhole\valvecentralhole\x64\debug\moc\moc_cameradisplaydialog.cpp
c:\visual studio backup\valvecentralhole\valvecentralhole\x64\debug\moc\moc_imagecropdialog.cpp
c:\visual studio backup\valvecentralhole\valvecentralhole\x64\debug\moc\moc_selectimagecropdialog.cpp
c:\visual studio backup\valvecentralhole\valvecentralhole\x64\debug\moc\moc_measurewidget.cpp
c:\visual studio backup\valvecentralhole - copy\valvecentralhole\x64\debug\uic\ui_calibratewidget.h
c:\visual studio backup\valvecentralhole - copy\valvecentralhole\x64\debug\uic\ui_cameraconfirmation.h
c:\visual studio backup\valvecentralhole - copy\valvecentralhole\x64\debug\uic\ui_cameradisplaydialog.h
c:\visual studio backup\valvecentralhole - copy\valvecentralhole\x64\debug\uic\ui_imagecropdialog.h
c:\visual studio backup\valvecentralhole - copy\valvecentralhole\x64\debug\uic\ui_measurewidget.h
c:\visual studio backup\valvecentralhole - copy\valvecentralhole\x64\debug\uic\ui_selectimagecropdialog.h
c:\visual studio backup\valvecentralhole - copy\valvecentralhole\x64\debug\uic\ui_valvecentralhole.h
c:\visual studio backup\valvecentralhole - copy\valvecentralhole\x64\debug\rcc\qrc_valvecentralhole.cpp
c:\visual studio backup\valvecentralhole - copy\valvecentralhole\x64\debug\moc\moc_valvecentralhole.cpp
c:\visual studio backup\valvecentralhole - copy\valvecentralhole\x64\debug\moc\moc_calibratewidget.cpp
c:\visual studio backup\valvecentralhole - copy\valvecentralhole\x64\debug\moc\moc_calibrationgaugelabel.cpp
c:\visual studio backup\valvecentralhole - copy\valvecentralhole\x64\debug\moc\moc_cameradisplaydialog.cpp
c:\visual studio backup\valvecentralhole - copy\valvecentralhole\x64\debug\moc\moc_imagecropdialog.cpp
c:\visual studio backup\valvecentralhole - copy\valvecentralhole\x64\debug\moc\moc_selectimagecropdialog.cpp
c:\visual studio backup\valvecentralhole - copy\valvecentralhole\x64\debug\moc\moc_measurewidget.cpp
c:\users\austin\source\repos\code\valvecentralhole\x64\debug\uic\ui_calibratewidget.h
c:\users\austin\source\repos\code\valvecentralhole\x64\debug\uic\ui_cameraconfirmation.h
c:\users\austin\source\repos\code\valvecentralhole\x64\debug\uic\ui_cameradisplaydialog.h
c:\users\austin\source\repos\code\valvecentralhole\x64\debug\uic\ui_imagecropdialog.h
c:\users\austin\source\repos\code\valvecentralhole\x64\debug\uic\ui_measurewidget.h
c:\users\austin\source\repos\code\valvecentralhole\x64\debug\uic\ui_selectimagecropdialog.h
c:\users\austin\source\repos\code\valvecentralhole\x64\debug\uic\ui_valvecentralhole.h
c:\users\austin\source\repos\code\valvecentralhole\x64\debug\rcc\qrc_valvecentralhole.cpp
c:\users\austin\source\repos\code\valvecentralhole\x64\debug\moc\moc_valvecentralhole.cpp
c:\users\austin\source\repos\code\valvecentralhole\x64\debug\moc\moc_calibratewidget.cpp
c:\users\austin\source\repos\code\valvecentralhole\x64\debug\moc\moc_calibrationgaugelabel.cpp
c:\users\austin\source\repos\code\valvecentralhole\x64\debug\moc\moc_cameradisplaydialog.cpp
c:\users\austin\source\repos\code\valvecentralhole\x64\debug\moc\moc_imagecropdialog.cpp
c:\users\austin\source\repos\code\valvecentralhole\x64\debug\moc\moc_selectimagecropdialog.cpp
c:\users\austin\source\repos\code\valvecentralhole\x64\debug\moc\moc_measurewidget.cpp
c:\users\austin luu\source\repos\valve-central-hole-calculator-final\valvecentralhole\x64\debug\uic\ui_calibratewidget.h
c:\users\austin luu\source\repos\valve-central-hole-calculator-final\valvecentralhole\x64\debug\uic\ui_cameraconfirmation.h
c:\users\austin luu\source\repos\valve-central-hole-calculator-final\valvecentralhole\x64\debug\uic\ui_cameradisplaydialog.h
c:\users\austin luu\source\repos\valve-central-hole-calculator-final\valvecentralhole\x64\debug\uic\ui_imagecropdialog.h
c:\users\austin luu\source\repos\valve-central-hole-calculator-final\valvecentralhole\x64\debug\uic\ui_measurewidget.h
c:\users\austin luu\source\repos\valve-central-hole-calculator-final\valvecentralhole\x64\debug\uic\ui_selectimagecropdialog.h
c:\users\austin luu\source\repos\valve-central-hole-calculator-final\valvecentralhole\x64\debug\uic\ui_valvecentralhole.h
c:\users\austin luu\source\repos\valve-central-hole-calculator-final\valvecentralhole\x64\debug\moc\moc_valvecentralhole.cpp
c:\users\austin luu\source\repos\valve-central-hole-calculator-final\valvecentralhole\x64\debug\moc\moc_calibrationgaugelabel.cpp
c:\users\austin luu\source\repos\valve-central-hole-calculator-final\valvecentralhole\x64\debug\moc\moc_cameradisplaydialog.cpp
c:\users\austin luu\source\repos\valve-central-hole-calculator-final\valvecentralhole\x64\debug\moc\moc_imagecropdialog.cpp
c:\users\austin luu\source\repos\valve-central-hole-calculator-final\valvecentralhole\x64\debug\moc\moc_selectimagecropdialog.cpp
c:\users\austin luu\source\repos\valve-central-hole-calculator-final\valvecentralhole\x64\debug\moc\moc_measurewidget.cpp
c:\users\austin luu\source\repos\valve-central-hole-calculator-final\valvecentralhole\x64\debug\uic\ui_calculationhistorywidget.h
c:\users\austin\source\repos\valve-central-hole-calculator-final\valvecentralhole\x64\debug\uic\ui_calibratewidget.h
c:\users\austin\source\repos\valve-central-hole-calculator-final\valvecentralhole\x64\debug\uic\ui_cameraconfirmation.h
c:\users\austin\source\repos\valve-central-hole-calculator-final\valvecentralhole\x64\debug\uic\ui_cameradisplaydialog.h
c:\users\austin\source\repos\valve-central-hole-calculator-final\valvecentralhole\x64\debug\uic\ui_imagecropdialog.h
c:\users\austin\source\repos\valve-central-hole-calculator-final\valvecentralhole\x64\debug\uic\ui_measurewidget.h
c:\users\austin\source\repos\valve-central-hole-calculator-final\valvecentralhole\x64\debug\uic\ui_selectimagecropdialog.h
c:\users\austin\source\repos\valve-central-hole-calculator-final\valvecentralhole\x64\debug\uic\ui_valvecentralhole.h
c:\users\austin\source\repos\valve-central-hole-calculator-final\valvecentralhole\x64\debug\rcc\qrc_valvecentralhole.cpp
c:\users\austin\source\repos\valve-central-hole-calculator-final\valvecentralhole\x64\debug\moc\moc_valvecentralhole.cpp
c:\users\austin\source\repos\valve-central-hole-calculator-final\valvecentralhole\x64\debug\moc\moc_calibratewidget.cpp
c:\users\austin\source\repos\valve-central-hole-calculator-final\valvecentralhole\x64\debug\moc\moc_calibrationgaugelabel.cpp
c:\users\austin\source\repos\valve-central-hole-calculator-final\valvecentralhole\x64\debug\moc\moc_cameradisplaydialog.cpp
c:\users\austin\source\repos\valve-central-hole-calculator-final\valvecentralhole\x64\debug\moc\moc_imagecropdialog.cpp
c:\users\austin\source\repos\valve-central-hole-calculator-final\valvecentralhole\x64\debug\moc\moc_selectimagecropdialog.cpp
c:\users\austin\source\repos\valve-central-hole-calculator-final\valvecentralhole\x64\debug\moc\moc_measurewidget.cpp
c:\users\austin\source\repos\valve-central-hole-calculator-final\valvecentralhole\x64\debug\uic\ui_calculationhistorydialog.h
c:\users\austin\source\repos\valve-central-hole-calculator-final\valvecentralhole\x64\debug\uic\ui_calibratehistorywidget.h
c:\users\austin\source\repos\valve-central-hole-calculator-final\valvecentralhole\x64\debug\uic\ui_cameraselectiondialog.h
c:\users\austin\source\repos\valve-central-hole-calculator-final\valvecentralhole\x64\debug\uic\ui_valveareahistorywidget.h
c:\users\austin\source\repos\valve-central-hole-calculator-final\valvecentralhole\x64\debug\moc\moc_calibratehistorywidget.cpp
c:\users\austin\source\repos\valve-central-hole-calculator-final\valvecentralhole\x64\debug\moc\moc_valveareahistorywidget.cpp
c:\users\austin\source\repos\valve-central-hole-calculator-final\x64\debug\valvecentralhole.ilk
c:\users\austin luu\source\repos\valve-central-hole-calculator-final\valvecentralhole\x64\debug\calculationhistorywidget.obj
c:\users\austin luu\source\repos\valve-central-hole-calculator-final\x64\debug\valvecentralhole.pdb
c:\users\austin luu\source\repos\valve-central-hole-calculator-final\valvecentralhole\x64\debug\valvecentralhole.tlog\cl.command.1.tlog
c:\users\austin luu\source\repos\valve-central-hole-calculator-final\valvecentralhole\x64\debug\valvecentralhole.tlog\cl.items.tlog
c:\users\austin luu\source\repos\valve-central-hole-calculator-final\valvecentralhole\x64\debug\valvecentralhole.tlog\cl.read.1.tlog
c:\users\austin luu\source\repos\valve-central-hole-calculator-final\valvecentralhole\x64\debug\valvecentralhole.tlog\cl.write.1.tlog
c:\users\austin luu\source\repos\valve-central-hole-calculator-final\valvecentralhole\x64\debug\valvecentralhole.tlog\link.30544-cvtres.read.1.tlog
c:\users\austin luu\source\repos\valve-central-hole-calculator-final\valvecentralhole\x64\debug\valvecentralhole.tlog\link.30544-cvtres.write.1.tlog
c:\users\austin luu\source\repos\valve-central-hole-calculator-final\valvecentralhole\x64\debug\valvecentralhole.tlog\link.30544-rc.read.1.tlog
c:\users\austin luu\source\repos\valve-central-hole-calculator-final\valvecentralhole\x64\debug\valvecentralhole.tlog\link.30544-rc.write.1.tlog
c:\users\austin luu\source\repos\valve-central-hole-calculator-final\valvecentralhole\x64\debug\valvecentralhole.tlog\link.30544.read.1.tlog
c:\users\austin luu\source\repos\valve-central-hole-calculator-final\valvecentralhole\x64\debug\valvecentralhole.tlog\link.30544.read.2.tlog
c:\users\austin luu\source\repos\valve-central-hole-calculator-final\valvecentralhole\x64\debug\valvecentralhole.tlog\link.30544.write.1.tlog
c:\users\austin luu\source\repos\valve-central-hole-calculator-final\valvecentralhole\x64\debug\valvecentralhole.tlog\link.command.1.tlog
c:\users\austin luu\source\repos\valve-central-hole-calculator-final\valvecentralhole\x64\debug\valvecentralhole.tlog\link.read.1.tlog
c:\users\austin luu\source\repos\valve-central-hole-calculator-final\valvecentralhole\x64\debug\valvecentralhole.tlog\link.secondary.1.tlog
c:\users\austin luu\source\repos\valve-central-hole-calculator-final\valvecentralhole\x64\debug\valvecentralhole.tlog\link.write.1.tlog
c:\users\austin luu\source\repos\valve-central-hole-calculator-final\valvecentralhole\x64\debug\valvecentralhole.tlog\moc.read.1u.tlog
c:\users\austin luu\source\repos\valve-central-hole-calculator-final\valvecentralhole\x64\debug\valvecentralhole.tlog\moc.write.1u.tlog
c:\users\austin luu\source\repos\valve-central-hole-calculator-final\valvecentralhole\x64\debug\valvecentralhole.tlog\rcc.read.1u.tlog
c:\users\austin luu\source\repos\valve-central-hole-calculator-final\valvecentralhole\x64\debug\valvecentralhole.tlog\rcc.write.1u.tlog
c:\users\austin luu\source\repos\valve-central-hole-calculator-final\valvecentralhole\x64\debug\valvecentralhole.tlog\uic.read.1u.tlog
c:\users\austin luu\source\repos\valve-central-hole-calculator-final\valvecentralhole\x64\debug\valvecentralhole.tlog\uic.write.1u.tlog
c:\users\austin luu\source\repos\valve-central-hole-calculator-final\valvecentralhole\x64\debug\valvecentralhole.tlog\valvecentralhole.write.1u.tlog
